19:39:06: Creating resource group General
19:39:06: Creating resource group Internal
19:39:06: Creating resource group Autodetect
19:39:06: SceneManagerFactory for type 'DefaultSceneManager' registered.
19:39:06: Registering ResourceManager for type Material
19:39:06: Registering ResourceManager for type Mesh
19:39:06: Registering ResourceManager for type Skeleton
19:39:06: MovableObjectFactory for type 'ParticleSystem' registered.
19:39:06: OverlayElementFactory for type Panel registered.
19:39:06: OverlayElementFactory for type BorderPanel registered.
19:39:06: OverlayElementFactory for type TextArea registered.
19:39:06: Registering ResourceManager for type Font
19:39:06: ArchiveFactory for archive type FileSystem registered.
19:39:06: ArchiveFactory for archive type Zip registered.
19:39:06: DDS codec registering
19:39:06: FreeImage version: 3.13.1
19:39:06: This program uses FreeImage, a free, open source image library supporting all common bitmap formats. See http://freeimage.sourceforge.net for details
19:39:06: Supported formats: bmp,ico,jpg,jif,jpeg,jpe,jng,koa,iff,lbm,mng,pbm,pbm,pcd,pcx,pgm,pgm,png,ppm,ppm,ras,tga,targa,tif,tiff,wap,wbmp,wbm,psd,cut,xbm,xpm,gif,hdr,g3,sgi,exr,j2k,j2c,jp2,pfm,pct,pict,pic,bay,bmq,cr2,crw,cs1,dc2,dcr,dng,erf,fff,hdr,k25,kdc,mdc,mos,mrw,nef,orf,pef,pxn,raf,raw,rdc,sr2,srf,arw,3fr,cine,ia,kc2,mef,nrw,qtk,rw2,sti,drf,dsc,ptx,cap,iiq,rwz
19:39:06: PVRTC codec registering
19:39:06: Registering ResourceManager for type HighLevelGpuProgram
19:39:06: Registering ResourceManager for type Compositor
19:39:06: MovableObjectFactory for type 'Entity' registered.
19:39:06: MovableObjectFactory for type 'Light' registered.
19:39:06: MovableObjectFactory for type 'BillboardSet' registered.
19:39:06: MovableObjectFactory for type 'ManualObject' registered.
19:39:06: MovableObjectFactory for type 'BillboardChain' registered.
19:39:06: MovableObjectFactory for type 'RibbonTrail' registered.
19:39:06: Loading library .\RenderSystem_Direct3D9
19:39:06: Installing plugin: D3D9 RenderSystem
19:39:06: D3D9 : Direct3D9 Rendering Subsystem created.
19:39:06: D3D9: Driver Detection Starts
19:39:06: D3D9: Driver Detection Ends
19:39:06: Plugin successfully installed
19:39:06: Loading library .\RenderSystem_GL
19:39:06: Installing plugin: GL RenderSystem
19:39:06: OpenGL Rendering Subsystem created.
19:39:06: Plugin successfully installed
19:39:06: Loading library .\Plugin_ParticleFX
19:39:06: Installing plugin: ParticleFX
19:39:06: Particle Emitter Type 'Point' registered
19:39:06: Particle Emitter Type 'Box' registered
19:39:06: Particle Emitter Type 'Ellipsoid' registered
19:39:06: Particle Emitter Type 'Cylinder' registered
19:39:06: Particle Emitter Type 'Ring' registered
19:39:06: Particle Emitter Type 'HollowEllipsoid' registered
19:39:06: Particle Affector Type 'LinearForce' registered
19:39:06: Particle Affector Type 'ColourFader' registered
19:39:06: Particle Affector Type 'ColourFader2' registered
19:39:06: Particle Affector Type 'ColourImage' registered
19:39:06: Particle Affector Type 'ColourInterpolator' registered
19:39:06: Particle Affector Type 'Scaler' registered
19:39:06: Particle Affector Type 'Rotator' registered
19:39:06: Particle Affector Type 'DirectionRandomiser' registered
19:39:06: Particle Affector Type 'DeflectorPlane' registered
19:39:06: Plugin successfully installed
19:39:06: Loading library .\Plugin_BSPSceneManager
19:39:06: Installing plugin: BSP Scene Manager
19:39:06: Plugin successfully installed
19:39:06: Loading library .\Plugin_OctreeSceneManager
19:39:06: Installing plugin: Octree & Terrain Scene Manager
19:39:06: Plugin successfully installed
19:39:06: Loading library .\Plugin_CgProgramManager
19:39:06: Installing plugin: Cg Program Manager
19:39:06: Plugin successfully installed
19:39:06: *-*-* OGRE Initialising
19:39:06: *-*-* Version 1.7.1 (Cthugha)
19:39:06: Added resource location '../Media' of type 'FileSystem' to resource group 'General'
19:39:06: D3D9 : RenderSystem Option: Allow NVPerfHUD = No
19:39:06: D3D9 : RenderSystem Option: Anti aliasing = None
19:39:06: OGRE EXCEPTION(2:InvalidParametersException): Option named 'Anti aliasing' does not exist. in D3D9RenderSystem::setConfigOption at ..\..\..\ogre\RenderSystems\Direct3D9\src\OgreD3D9RenderSystem.cpp (line 353)
